<?xml version="1.0" encoding="UTF-8"?>
<testng-results ignored="0" total="10" passed="9" failed="1" skipped="0">
  <reporter-output>
  </reporter-output>
  <suite started-at="2023-01-29T23:26:08 IST" name="Default suite" finished-at="2023-01-29T23:31:12 IST" duration-ms="304126">
    <groups>
    </groups>
    <test started-at="2023-01-29T23:26:08 IST" name="Default test" finished-at="2023-01-29T23:31:12 IST" duration-ms="304126">
      <class name="com.travalab.appointment.Appointment2">
        <test-method is-config="true" signature="setup()[pri:0, instance:com.travalab.appointment.Appointment2@729d991e]" started-at="2023-01-29T23:25:52 IST" name="setup" finished-at="2023-01-29T23:26:08 IST" duration-ms="16449" status="PASS">
          <reporter-output>
          </reporter-output>
        </test-method> <!-- setup -->
        <test-method signature="TC1Appointments()[pri:1, instance:com.travalab.appointment.Appointment2@729d991e]" started-at="2023-01-29T23:26:08 IST" name="TC1Appointments" finished-at="2023-01-29T23:26:34 IST" duration-ms="25627" status="PASS">
          <reporter-output>
          </reporter-output>
        </test-method> <!-- TC1Appointments -->
        <test-method signature="TC2Appointments()[pri:2, instance:com.travalab.appointment.Appointment2@729d991e]" started-at="2023-01-29T23:26:34 IST" name="TC2Appointments" finished-at="2023-01-29T23:26:59 IST" duration-ms="25573" status="PASS">
          <reporter-output>
          </reporter-output>
        </test-method> <!-- TC2Appointments -->
        <test-method signature="TC3Appointments()[pri:3, instance:com.travalab.appointment.Appointment2@729d991e]" started-at="2023-01-29T23:26:59 IST" name="TC3Appointments" finished-at="2023-01-29T23:27:27 IST" duration-ms="27301" status="PASS">
          <reporter-output>
          </reporter-output>
        </test-method> <!-- TC3Appointments -->
        <test-method signature="TC4Appointments()[pri:4, instance:com.travalab.appointment.Appointment2@729d991e]" started-at="2023-01-29T23:27:27 IST" name="TC4Appointments" finished-at="2023-01-29T23:27:56 IST" duration-ms="29505" status="PASS">
          <reporter-output>
          </reporter-output>
        </test-method> <!-- TC4Appointments -->
        <test-method signature="TC5Appointments()[pri:5, instance:com.travalab.appointment.Appointment2@729d991e]" started-at="2023-01-29T23:27:56 IST" name="TC5Appointments" finished-at="2023-01-29T23:28:21 IST" duration-ms="25302" status="PASS">
          <reporter-output>
          </reporter-output>
        </test-method> <!-- TC5Appointments -->
        <test-method signature="TC6Appointments()[pri:6, instance:com.travalab.appointment.Appointment2@729d991e]" started-at="2023-01-29T23:28:21 IST" name="TC6Appointments" finished-at="2023-01-29T23:28:35 IST" duration-ms="13572" status="FAIL">
          <exception class="org.openqa.selenium.ElementClickInterceptedException">
            <message>
              <![CDATA[element click intercepted: Element <button class="btn btn-gradient address-submit nextBtn btn-lg pull-right w-100" type="button" disabled="disabled">...</button> is not clickable at point (1432, 431). Other element would receive the click: <div class="pac-container pac-logo hdpi" style="width: 855px; position: absolute; left: 648px; top: 432px;">...</div>
  (Session info: chrome=109.0.5414.120)
Build info: version: '3.141.59', revision: 'e82be7d358', time: '2018-11-14T08:17:03'
System info: host: 'AIS-BOM-FB-17', ip: '192.168.152.64', os.name: 'Windows 10', os.arch: 'amd64', os.version: '10.0', java.version: '17.0.5'
Driver info: org.openqa.selenium.chrome.ChromeDriver
Capabilities {acceptInsecureCerts: false, browserName: chrome, browserVersion: 109.0.5414.120, chrome: {chromedriverVersion: 109.0.5414.74 (e7c5703604da..., userDataDir: C:\Users\SUSHAN~1\AppData\L...}, goog:chromeOptions: {debuggerAddress: localhost:54399}, javascriptEnabled: true, networkConnectionEnabled: false, pageLoadStrategy: normal, platform: WINDOWS, platformName: WINDOWS, proxy: Proxy(), setWindowRect: true, strictFileInteractability: false, timeouts: {implicit: 0, pageLoad: 300000, script: 30000}, unhandledPromptBehavior: dismiss and notify, webauthn:extension:credBlob: true, webauthn:extension:largeBlob: true, webauthn:virtualAuthenticators: true}
Session ID: fc9e1dce9b3eb372e0e8c7a9b879422b]]>
            </message>
            <full-stacktrace>
              <![CDATA[org.openqa.selenium.ElementClickInterceptedException: element click intercepted: Element <button class="btn btn-gradient address-submit nextBtn btn-lg pull-right w-100" type="button" disabled="disabled">...</button> is not clickable at point (1432, 431). Other element would receive the click: <div class="pac-container pac-logo hdpi" style="width: 855px; position: absolute; left: 648px; top: 432px;">...</div>
  (Session info: chrome=109.0.5414.120)
Build info: version: '3.141.59', revision: 'e82be7d358', time: '2018-11-14T08:17:03'
System info: host: 'AIS-BOM-FB-17', ip: '192.168.152.64', os.name: 'Windows 10', os.arch: 'amd64', os.version: '10.0', java.version: '17.0.5'
Driver info: org.openqa.selenium.chrome.ChromeDriver
Capabilities {acceptInsecureCerts: false, browserName: chrome, browserVersion: 109.0.5414.120, chrome: {chromedriverVersion: 109.0.5414.74 (e7c5703604da..., userDataDir: C:\Users\SUSHAN~1\AppData\L...}, goog:chromeOptions: {debuggerAddress: localhost:54399}, javascriptEnabled: true, networkConnectionEnabled: false, pageLoadStrategy: normal, platform: WINDOWS, platformName: WINDOWS, proxy: Proxy(), setWindowRect: true, strictFileInteractability: false, timeouts: {implicit: 0, pageLoad: 300000, script: 30000}, unhandledPromptBehavior: dismiss and notify, webauthn:extension:credBlob: true, webauthn:extension:largeBlob: true, webauthn:virtualAuthenticators: true}
Session ID: fc9e1dce9b3eb372e0e8c7a9b879422b
at java.base/jdk.internal.reflect.NativeConstructorAccessorImpl.newInstance0(Native Method)
at java.base/jdk.internal.reflect.NativeConstructorAccessorImpl.newInstance(NativeConstructorAccessorImpl.java:77)
at java.base/jdk.internal.reflect.DelegatingConstructorAccessorImpl.newInstance(DelegatingConstructorAccessorImpl.java:45)
at java.base/java.lang.reflect.Constructor.newInstanceWithCaller(Constructor.java:499)
at java.base/java.lang.reflect.Constructor.newInstance(Constructor.java:480)
at org.openqa.selenium.remote.http.W3CHttpResponseCodec.createException(W3CHttpResponseCodec.java:187)
at org.openqa.selenium.remote.http.W3CHttpResponseCodec.decode(W3CHttpResponseCodec.java:122)
at org.openqa.selenium.remote.http.W3CHttpResponseCodec.decode(W3CHttpResponseCodec.java:49)
at org.openqa.selenium.remote.HttpCommandExecutor.execute(HttpCommandExecutor.java:158)
at org.openqa.selenium.remote.service.DriverCommandExecutor.execute(DriverCommandExecutor.java:83)
at org.openqa.selenium.remote.RemoteWebDriver.execute(RemoteWebDriver.java:552)
at org.openqa.selenium.remote.RemoteWebElement.execute(RemoteWebElement.java:285)
at org.openqa.selenium.remote.RemoteWebElement.click(RemoteWebElement.java:84)
at com.travalab.appointment.Appointment2.TC6Appointments(Appointment2.java:501)
at java.base/jdk.internal.reflect.NativeMethodAccessorImpl.invoke0(Native Method)
at java.base/jdk.internal.reflect.NativeMethodAccessorImpl.invoke(NativeMethodAccessorImpl.java:77)
at java.base/jdk.internal.reflect.DelegatingMethodAccessorImpl.invoke(DelegatingMethodAccessorImpl.java:43)
at java.base/java.lang.reflect.Method.invoke(Method.java:568)
at org.testng.internal.MethodInvocationHelper.invokeMethod(MethodInvocationHelper.java:133)
at org.testng.internal.TestInvoker.invokeMethod(TestInvoker.java:598)
at org.testng.internal.TestInvoker.invokeTestMethod(TestInvoker.java:173)
at org.testng.internal.MethodRunner.runInSequence(MethodRunner.java:46)
at org.testng.internal.TestInvoker$MethodInvocationAgent.invoke(TestInvoker.java:824)
at org.testng.internal.TestInvoker.invokeTestMethods(TestInvoker.java:146)
at org.testng.internal.TestMethodWorker.invokeTestMethods(TestMethodWorker.java:146)
at org.testng.internal.TestMethodWorker.run(TestMethodWorker.java:128)
at java.base/java.util.ArrayList.forEach(ArrayList.java:1511)
at org.testng.TestRunner.privateRun(TestRunner.java:794)
at org.testng.TestRunner.run(TestRunner.java:596)
at org.testng.SuiteRunner.runTest(SuiteRunner.java:377)
at org.testng.SuiteRunner.runSequentially(SuiteRunner.java:371)
at org.testng.SuiteRunner.privateRun(SuiteRunner.java:332)
at org.testng.SuiteRunner.run(SuiteRunner.java:276)
at org.testng.SuiteRunnerWorker.runSuite(SuiteRunnerWorker.java:53)
at org.testng.SuiteRunnerWorker.run(SuiteRunnerWorker.java:96)
at org.testng.TestNG.runSuitesSequentially(TestNG.java:1212)
at org.testng.TestNG.runSuitesLocally(TestNG.java:1134)
at org.testng.TestNG.runSuites(TestNG.java:1063)
at org.testng.TestNG.run(TestNG.java:1031)
at org.testng.remote.AbstractRemoteTestNG.run(AbstractRemoteTestNG.java:115)
at org.testng.remote.RemoteTestNG.initAndRun(RemoteTestNG.java:251)
at org.testng.remote.RemoteTestNG.main(RemoteTestNG.java:77)
]]>
            </full-stacktrace>
          </exception> <!-- org.openqa.selenium.ElementClickInterceptedException -->
          <reporter-output>
          </reporter-output>
        </test-method> <!-- TC6Appointments -->
        <test-method signature="TC7Appointments()[pri:7, instance:com.travalab.appointment.Appointment2@729d991e]" started-at="2023-01-29T23:28:35 IST" name="TC7Appointments" finished-at="2023-01-29T23:29:23 IST" duration-ms="47964" status="PASS">
          <reporter-output>
          </reporter-output>
        </test-method> <!-- TC7Appointments -->
        <test-method signature="TC8Appointments()[pri:8, instance:com.travalab.appointment.Appointment2@729d991e]" started-at="2023-01-29T23:29:23 IST" name="TC8Appointments" finished-at="2023-01-29T23:29:50 IST" duration-ms="26919" status="PASS">
          <reporter-output>
          </reporter-output>
        </test-method> <!-- TC8Appointments -->
        <test-method signature="TC9Appointments()[pri:9, instance:com.travalab.appointment.Appointment2@729d991e]" started-at="2023-01-29T23:29:50 IST" name="TC9Appointments" finished-at="2023-01-29T23:30:43 IST" duration-ms="53166" status="PASS">
          <reporter-output>
          </reporter-output>
        </test-method> <!-- TC9Appointments -->
        <test-method signature="TC10Appointments()[pri:10, instance:com.travalab.appointment.Appointment2@729d991e]" started-at="2023-01-29T23:30:43 IST" name="TC10Appointments" finished-at="2023-01-29T23:31:12 IST" duration-ms="29109" status="PASS">
          <reporter-output>
          </reporter-output>
        </test-method> <!-- TC10Appointments -->
        <test-method is-config="true" signature="CloseApp()[pri:0, instance:com.travalab.appointment.Appointment2@729d991e]" started-at="2023-01-29T23:31:12 IST" name="CloseApp" finished-at="2023-01-29T23:31:13 IST" duration-ms="325" status="PASS">
          <reporter-output>
          </reporter-output>
        </test-method> <!-- CloseApp -->
      </class> <!-- com.travalab.appointment.Appointment2 -->
    </test> <!-- Default test -->
  </suite> <!-- Default suite -->
</testng-results>
